#
# There is insufficient memory for the Java Runtime Environment to continue.
# Native memory allocation (malloc) failed to allocate 1048576 bytes for AllocateHeap
# Possible reasons:
#   The system is out of physical RAM or swap space
#   In 32 bit mode, the process size limit was hit
# Possible solutions:
#   Reduce memory load on the system
#   Increase physical memory or swap space
#   Check if swap backing store is full
#   Use 64 bit Java on a 64 bit OS
#   Decrease Java heap size (-Xmx/-Xms)
#   Decrease number of Java threads
#   Decrease Java thread stack sizes (-Xss)
#   Set larger code cache with -XX:ReservedCodeCacheSize=
# This output file may be truncated or incomplete.
#
#  Out of Memory Error (memory/allocation.inline.hpp:61), pid=7140, tid=6616
#
# JRE version:  (8.0_71-b15) (build )
# Java VM: Java HotSpot(TM) 64-Bit Server VM (25.71-b15 mixed mode windows-amd64 compressed oops)
# Failed to write core dump. Minidumps are not enabled by default on client versions of Windows
#

---------------  T H R E A D  ---------------

Current thread (0x0000000002200800):  JavaThread "Unknown thread" [_thread_in_vm, id=6616, stack(0x00000000020c0000,0x00000000021c0000)]

Stack: [0x00000000020c0000,0x00000000021c0000]
[error occurred during error reporting (printing stack bounds), id 0xc0000005]

Native frames: (J=compiled Java code, j=interpreted, Vv=VM code, C=native code)


---------------  P R O C E S S  ---------------

Java Threads: ( => current thread )

Other Threads:

=>0x0000000002200800 (exited) JavaThread "Unknown thread" [_thread_in_vm, id=6616, stack(0x00000000020c0000,0x00000000021c0000)]

VM state:not at safepoint (normal execution)

VM Mutex/Monitor currently owned by a thread: None

Heap:
 PSYoungGen      total 37888K, used 655K [0x00000000eab00000, 0x00000000ed500000, 0x0000000100000000)
  eden space 32768K, 2% used [0x00000000eab00000,0x00000000eaba3d80,0x00000000ecb00000)
  from space 5120K, 0% used [0x00000000ed000000,0x00000000ed000000,0x00000000ed500000)
  to   space 5120K, 0% used [0x00000000ecb00000,0x00000000ecb00000,0x00000000ed000000)
 ParOldGen       total 86016K, used 0K [0x00000000c0000000, 0x00000000c5400000, 0x00000000eab00000)
  object space 86016K, 0% used [0x00000000c0000000,0x00000000c0000000,0x00000000c5400000)
 Metaspace       used 769K, capacity 4480K, committed 4480K, reserved 1056768K
  class space    used 75K, capacity 384K, committed 384K, reserved 1048576K

Card table byte_map: [0x00000000116c0000,0x00000000118d0000] byte_map_base: 0x00000000110c0000

Marking Bits: (ParMarkBitMap*) 0x00000000701af600
 Begin Bits: [0x0000000011e30000, 0x0000000012e30000)
 End Bits:   [0x0000000012e30000, 0x0000000013e30000)

Polling page: 0x00000000021c0000

CodeCache: size=245760Kb used=328Kb max_used=328Kb free=245431Kb
 bounds [0x0000000002300000, 0x0000000002570000, 0x0000000011300000]
 total_blobs=57 nmethods=0 adapters=37
 compilation: enabled

Compilation events (0 events):
No events

GC Heap History (0 events):
No events

Deoptimization events (0 events):
No events

Internal exceptions (0 events):
No events

Events (10 events):
Event: 0.037 loading class java/lang/Short
Event: 0.037 loading class java/lang/Short done
Event: 0.037 loading class java/lang/Integer
Event: 0.037 loading class java/lang/Integer done
Event: 0.037 loading class java/lang/Long
Event: 0.037 loading class java/lang/Long done
Event: 0.038 loading class java/lang/NullPointerException
Event: 0.038 loading class java/lang/NullPointerException done
Event: 0.038 loading class java/lang/ArithmeticException
Event: 0.038 loading class java/lang/ArithmeticException done


Dynamic libraries:
0x00007ff79dc40000 - 0x00007ff79dc77000 	D:\Programas\Java-jdk\bin\java.exe
0x00007ff850880000 - 0x00007ff850a41000 	C:\WINDOWS\SYSTEM32\ntdll.dll
0x00007ff84e1d0000 - 0x00007ff84e27d000 	C:\WINDOWS\system32\KERNEL32.DLL
0x00007ff84dd10000 - 0x00007ff84deed000 	C:\WINDOWS\system32\KERNELBASE.dll
0x00007ff84e6d0000 - 0x00007ff84e776000 	C:\WINDOWS\system32\ADVAPI32.dll
0x00007ff84ff40000 - 0x00007ff84ffdd000 	C:\WINDOWS\system32\msvcrt.dll
0x00007ff84e940000 - 0x00007ff84e99b000 	C:\WINDOWS\system32\sechost.dll
0x00007ff84e5a0000 - 0x00007ff84e6c6000 	C:\WINDOWS\system32\RPCRT4.dll
0x00007ff84e7f0000 - 0x00007ff84e93e000 	C:\WINDOWS\system32\USER32.dll
0x00007ff84fff0000 - 0x00007ff850176000 	C:\WINDOWS\system32\GDI32.dll
0x00007ff8459a0000 - 0x00007ff845c14000 	C:\WINDOWS\WinSxS\amd64_microsoft.windows.common-controls_6595b64144ccf1df_6.0.10240.16384_none_f41f7b285750ef43\COMCTL32.dll
0x00007ff8506f0000 - 0x00007ff850726000 	C:\WINDOWS\system32\IMM32.DLL
0x00007ff850190000 - 0x00007ff8502ec000 	C:\WINDOWS\system32\MSCTF.dll
0x000000006f340000 - 0x000000006f412000 	D:\Programas\Java-jdk\jre\bin\msvcr100.dll
0x000000006f9a0000 - 0x000000007022f000 	D:\Programas\Java-jdk\jre\bin\server\jvm.dll
0x00007ff84ffe0000 - 0x00007ff84ffe8000 	C:\WINDOWS\system32\PSAPI.DLL
0x00007ff822a90000 - 0x00007ff822a99000 	C:\WINDOWS\SYSTEM32\WSOCK32.dll
0x00007ff84b7c0000 - 0x00007ff84b7e3000 	C:\WINDOWS\SYSTEM32\WINMM.dll
0x00007ff845f50000 - 0x00007ff845f5a000 	C:\WINDOWS\SYSTEM32\VERSION.dll
0x00007ff84e3a0000 - 0x00007ff84e409000 	C:\WINDOWS\system32\WS2_32.dll
0x00007ff850180000 - 0x00007ff850188000 	C:\WINDOWS\system32\NSI.dll
0x00007ff84b560000 - 0x00007ff84b58c000 	C:\WINDOWS\SYSTEM32\WINMMBASE.dll
0x00007ff84dcc0000 - 0x00007ff84dd04000 	C:\WINDOWS\system32\cfgmgr32.dll
0x00007ff84bc20000 - 0x00007ff84bc47000 	C:\WINDOWS\SYSTEM32\DEVOBJ.dll
0x0000000070920000 - 0x000000007092f000 	D:\Programas\Java-jdk\jre\bin\verify.dll
0x00000000708f0000 - 0x0000000070919000 	D:\Programas\Java-jdk\jre\bin\java.dll
0x00000000708d0000 - 0x00000000708e6000 	D:\Programas\Java-jdk\jre\bin\zip.dll

VM Arguments:
jvm_args: -Djava.awt.headless=true -Xmx1024M -Dfile.encoding=windows-1252 -Duser.country=EC -Duser.language=es -Duser.variant 
java_command: com.android.dx.command.Main --dex --num-threads=4 --output D:\Programas\Android\AndroidStudioProjects\Leccionario\app\build\intermediates\pre-dexed\debug\debug_8164b08e300075c7caf6d892df0eb8d4198b4b24.jar D:\Programas\Android\AndroidStudioProjects\Leccionario\app\build\intermediates\classes\debug
java_class_path (initial): D:\Programas\Android\SDK\build-tools\23.0.2\lib\dx.jar
Launcher Type: SUN_STANDARD

Environment Variables:
JAVA_HOME=D:\Programas\Java-jdk
PATH=D:\Programas\Java-jdk\bin;D:\Programas\Java-jre\bin;C:\ProgramData\Oracle\Java\javapath;C:\WINDOWS\system32;C:\WINDOWS;C:\WINDOWS\System32\Wbem;C:\WINDOWS\System32\WindowsPowerShell\v1.0\;D:\Programas\Microsoft SQL Server\110\DTS\Binn\;D:\Programas\Microsoft SQL Server (x86)\110\Tools\Binn\;D:\Programas\Microsoft SQL Server\110\Tools\Binn\;D:\Programas\Microsoft SQL Server (x86)\110\Tools\Binn\ManagementStudio\;C:\Program Files (x86)\Microsoft Visual Studio 10.0\Common7\IDE\PrivateAssemblies\;D:\Programas\Microsoft SQL Server (x86)\110\DTS\Binn\
USERNAME=edito
OS=Windows_NT
PROCESSOR_IDENTIFIER=Intel64 Family 6 Model 58 Stepping 9, GenuineIntel



---------------  S Y S T E M  ---------------

OS: Windows 10.0 , 64 bit Build 10240 (10.0.10240.16384)

CPU:total 4 (2 cores per cpu, 2 threads per core) family 6 model 58 stepping 9, cmov, cx8, fxsr, mmx, sse, sse2, sse3, ssse3, sse4.1, sse4.2, popcnt, avx, clmul, erms, ht, tsc, tscinvbit, tscinv

Memory: 4k page, physical 8220860k(1725536k free), swap 10694116k(5908k free)

vm_info: Java HotSpot(TM) 64-Bit Server VM (25.71-b15) for windows-amd64 JRE (1.8.0_71-b15), built on Dec 22 2015 18:15:55 by "java_re" with MS VC++ 10.0 (VS2010)

time: Wed Feb 10 00:26:25 2016
elapsed time: 0 seconds (0d 0h 0m 0s)

